<?xml version="1.0" encoding="UTF-8"?>
<!-- Generated by org.testng.reporters.JUnitReportReporter -->
<testsuite hostname="ip-172-31-42-99" name="com.rallydev.rest.util.QueryFilterTest" tests="9" failures="0" timestamp="24 Jul 2018 15:39:25 GMT" time="0.005" errors="0">
  <testcase name="shouldCreateCorrectQueryForRef" time="0.002" classname="com.rallydev.rest.util.QueryFilterTest"/>
  <testcase name="shouldCreateCorrectQueryForNull" time="0.001" classname="com.rallydev.rest.util.QueryFilterTest"/>
  <testcase name="shouldCreateCorrectAndedQuery" time="0.001" classname="com.rallydev.rest.util.QueryFilterTest"/>
  <testcase name="shouldCreateQuotedQueryForStringWithSpaces" time="0.000" classname="com.rallydev.rest.util.QueryFilterTest"/>
  <testcase name="shouldCreateCorrectQueryForString" time="0.000" classname="com.rallydev.rest.util.QueryFilterTest"/>
  <testcase name="shouldCreateCorrectStaticAndedQuery" time="0.001" classname="com.rallydev.rest.util.QueryFilterTest"/>
  <testcase name="shouldCreateCorrectStaticOredQuery" time="0.000" classname="com.rallydev.rest.util.QueryFilterTest"/>
  <testcase name="shouldCreateCorrectOredQuery" time="0.000" classname="com.rallydev.rest.util.QueryFilterTest"/>
  <testcase name="shouldCreateCorrectQueryForNumber" time="0.000" classname="com.rallydev.rest.util.QueryFilterTest"/>
</testsuite>
