<?xml version="1.0" encoding="UTF-8"?>
<!-- Generated by org.testng.reporters.JUnitReportReporter -->
<testsuite hostname="ip-172-31-42-99" name="com.rallydev.rest.request.UpdateRequestTest" tests="5" failures="0" timestamp="24 Jul 2018 15:39:25 GMT" time="0.004" errors="0">
  <testcase name="shouldCreateACorrectBody" time="0.001" classname="com.rallydev.rest.request.UpdateRequestTest"/>
  <testcase name="shouldConstructTheCorrectUrlWithExtraParam" time="0.001" classname="com.rallydev.rest.request.UpdateRequestTest"/>
  <testcase name="shouldConstructTheCorrectDefaultFetchUrl" time="0.000" classname="com.rallydev.rest.request.UpdateRequestTest"/>
  <testcase name="shouldConstructTheCorrectUrl" time="0.001" classname="com.rallydev.rest.request.UpdateRequestTest"/>
  <testcase name="shouldCreateACorrectBodyWithNullFieldsByDefault" time="0.001" classname="com.rallydev.rest.request.UpdateRequestTest"/>
</testsuite>
