<?xml version="1.0" encoding="UTF-8"?>
<!-- Generated by org.testng.reporters.JUnitReportReporter -->
<testsuite hostname="ip-172-31-42-99" name="com.rallydev.rest.request.GetRequestTest" tests="5" failures="0" timestamp="24 Jul 2018 15:39:25 GMT" time="0.007" errors="0">
  <testcase name="shouldReturnCorrectUrlForUser" time="0.001" classname="com.rallydev.rest.request.GetRequestTest"/>
  <testcase name="shouldReturnCorrectUrlWithAbsoluteRef" time="0.001" classname="com.rallydev.rest.request.GetRequestTest"/>
  <testcase name="shouldReturnCorrectUrlWithRelativeRef" time="0.001" classname="com.rallydev.rest.request.GetRequestTest"/>
  <testcase name="shouldReturnCorrectUrlWithFetchParams" time="0.003" classname="com.rallydev.rest.request.GetRequestTest"/>
  <testcase name="shouldReturnCorrectUrlForSubscription" time="0.001" classname="com.rallydev.rest.request.GetRequestTest"/>
</testsuite>
