<?xml version="1.0" encoding="UTF-8"?>
<!-- Generated by org.testng.reporters.JUnitReportReporter -->
<testsuite hostname="ip-172-31-42-99" name="com.rallydev.rest.client.BasicAuthClientTest" tests="7" failures="0" timestamp="24 Jul 2018 15:39:25 GMT" time="0.110" errors="0">
  <testcase name="shouldNotIncludeCSRFTokenOnGet" time="0.004" classname="com.rallydev.rest.client.BasicAuthClientTest"/>
  <testcase name="shouldIncludeCSRFTokenOnPost" time="0.007" classname="com.rallydev.rest.client.BasicAuthClientTest"/>
  <testcase name="shouldIncludeCSRFTokenOnDelete" time="0.096" classname="com.rallydev.rest.client.BasicAuthClientTest"/>
  <testcase name="shouldIntialize" time="0.000" classname="com.rallydev.rest.client.BasicAuthClientTest"/>
  <testcase name="shouldRequestCSRFToken" time="0.001" classname="com.rallydev.rest.client.BasicAuthClientTest"/>
  <testcase name="shouldNotIncludeCSRFTokenOnWsapiv1" time="0.001" classname="com.rallydev.rest.client.BasicAuthClientTest"/>
  <testcase name="shouldIncludeCSRFTokenOnPut" time="0.001" classname="com.rallydev.rest.client.BasicAuthClientTest"/>
</testsuite>
