<?xml version="1.0" encoding="UTF-8"?>
<!-- Generated by org.testng.reporters.JUnitReportReporter -->
<testsuite hostname="ip-172-31-42-99" name="com.rallydev.rest.util.FetchTest" tests="3" failures="0" timestamp="24 Jul 2018 15:39:25 GMT" time="0.000" errors="0">
  <testcase name="shouldProvideCorrectDefaultFetch" time="0.000" classname="com.rallydev.rest.util.FetchTest"/>
  <testcase name="shouldProvideCorrectFetch" time="0.000" classname="com.rallydev.rest.util.FetchTest"/>
  <testcase name="shouldBeAbleToAddRemoveFetch" time="0.000" classname="com.rallydev.rest.util.FetchTest"/>
</testsuite>
