<?xml version="1.0" encoding="UTF-8"?>
<!-- Generated by org.testng.reporters.JUnitReportReporter -->
<testsuite hostname="ip-172-31-42-99" name="com.rallydev.rest.response.QueryResponseTest" tests="2" failures="0" timestamp="24 Jul 2018 15:39:25 GMT" time="0.002" errors="0">
  <testcase name="shouldReturnNoErrors" time="0.001" classname="com.rallydev.rest.response.QueryResponseTest"/>
  <testcase name="shouldReturnResults" time="0.001" classname="com.rallydev.rest.response.QueryResponseTest"/>
</testsuite>
