<?xml version="1.0" encoding="UTF-8"?>
<!-- Generated by org.testng.reporters.JUnitReportReporter -->
<testsuite hostname="ip-172-31-42-99" name="com.rallydev.rest.client.HttpClientTest" tests="15" failures="0" timestamp="24 Jul 2018 15:39:25 GMT" time="0.072" errors="0">
  <testcase name="shouldPut" time="0.001" classname="com.rallydev.rest.client.HttpClientTest"/>
  <testcase name="shouldIntialize" time="0.000" classname="com.rallydev.rest.client.HttpClientTest"/>
  <testcase name="shouldSetProxy" time="0.008" classname="com.rallydev.rest.client.HttpClientTest"/>
  <testcase name="shouldUseDefaultWsapiVersion" time="0.000" classname="com.rallydev.rest.client.HttpClientTest"/>
  <testcase name="shouldSetApplicationVendor" time="0.001" classname="com.rallydev.rest.client.HttpClientTest"/>
  <testcase name="shouldReturnValidResponse" time="0.002" classname="com.rallydev.rest.client.HttpClientTest"/>
  <testcase name="shouldGet" time="0.001" classname="com.rallydev.rest.client.HttpClientTest"/>
  <testcase name="shouldExplodeWithInvalidResponse" time="0.027" classname="com.rallydev.rest.client.HttpClientTest"/>
  <testcase name="shouldGzip" time="0.004" classname="com.rallydev.rest.client.HttpClientTest"/>
  <testcase name="shouldSetApplicationName" time="0.001" classname="com.rallydev.rest.client.HttpClientTest"/>
  <testcase name="shouldPost" time="0.001" classname="com.rallydev.rest.client.HttpClientTest"/>
  <testcase name="shouldSetWsapiVersion" time="0.000" classname="com.rallydev.rest.client.HttpClientTest"/>
  <testcase name="shouldDelete" time="0.024" classname="com.rallydev.rest.client.HttpClientTest"/>
  <testcase name="shouldSetProxyWithCredentials" time="0.002" classname="com.rallydev.rest.client.HttpClientTest"/>
  <testcase name="shouldSetApplicationVersion" time="0.000" classname="com.rallydev.rest.client.HttpClientTest"/>
</testsuite>
