<?xml version="1.0" encoding="UTF-8"?>
<!-- Generated by org.testng.reporters.JUnitReportReporter -->
<testsuite hostname="ip-172-31-42-99" name="com.rallydev.rest.request.CollectionUpdateRequestTest" tests="4" failures="0" timestamp="24 Jul 2018 15:39:25 GMT" time="0.001" errors="0">
  <testcase name="shouldConstructTheCorrectUrlForRemoves" time="0.000" classname="com.rallydev.rest.request.CollectionUpdateRequestTest"/>
  <testcase name="shouldConstructTheCorrectUrlWithExtraParam" time="0.001" classname="com.rallydev.rest.request.CollectionUpdateRequestTest"/>
  <testcase name="shouldConstructTheCorrectUrlForAdds" time="0.000" classname="com.rallydev.rest.request.CollectionUpdateRequestTest"/>
  <testcase name="shouldCreateACorrectBody" time="0.000" classname="com.rallydev.rest.request.CollectionUpdateRequestTest"/>
</testsuite>
