<?xml version="1.0" encoding="UTF-8"?>
<!-- Generated by org.testng.reporters.JUnitReportReporter -->
<testsuite hostname="ip-172-31-42-99" name="com.rallydev.rest.client.ApiKeyClientTest" tests="2" failures="0" timestamp="24 Jul 2018 15:39:25 GMT" time="0.012" errors="0">
  <testcase name="shouldIntialize" time="0.000" classname="com.rallydev.rest.client.ApiKeyClientTest"/>
  <testcase name="shouldIncludeApiKeyOnRequest" time="0.012" classname="com.rallydev.rest.client.ApiKeyClientTest"/>
</testsuite>
