<?xml version="1.0" encoding="UTF-8"?>
<!-- Generated by org.testng.reporters.JUnitReportReporter -->
<testsuite hostname="ip-172-31-42-99" name="com.rallydev.rest.RallyRestApiTest" tests="21" failures="0" timestamp="24 Jul 2018 15:39:25 GMT" time="0.579" errors="0">
  <testcase name="shouldClose" time="0.419" classname="com.rallydev.rest.RallyRestApiTest"/>
  <testcase name="shouldGetWsapiVersion" time="0.001" classname="com.rallydev.rest.RallyRestApiTest"/>
  <testcase name="shouldGet" time="0.002" classname="com.rallydev.rest.RallyRestApiTest"/>
  <testcase name="shouldQueryNoPages" time="0.001" classname="com.rallydev.rest.RallyRestApiTest"/>
  <testcase name="shouldSetVendor" time="0.000" classname="com.rallydev.rest.RallyRestApiTest"/>
  <testcase name="shouldSetVersion" time="0.000" classname="com.rallydev.rest.RallyRestApiTest"/>
  <testcase name="shouldCreate" time="0.079" classname="com.rallydev.rest.RallyRestApiTest"/>
  <testcase name="shouldQueryOnePage" time="0.001" classname="com.rallydev.rest.RallyRestApiTest"/>
  <testcase name="shouldUpdate" time="0.003" classname="com.rallydev.rest.RallyRestApiTest"/>
  <testcase name="shouldQueryAllPages" time="0.005" classname="com.rallydev.rest.RallyRestApiTest"/>
  <testcase name="shouldSetProxyWithCredentials" time="0.025" classname="com.rallydev.rest.RallyRestApiTest"/>
  <testcase name="shouldQueryAllPagesWithNonStandardStart" time="0.003" classname="com.rallydev.rest.RallyRestApiTest"/>
  <testcase name="shouldQuerySomePages" time="0.002" classname="com.rallydev.rest.RallyRestApiTest"/>
  <testcase name="shouldSetProxy" time="0.019" classname="com.rallydev.rest.RallyRestApiTest"/>
  <testcase name="shouldUpdateCollection" time="0.002" classname="com.rallydev.rest.RallyRestApiTest"/>
  <testcase name="shouldSetWsapiVersion" time="0.003" classname="com.rallydev.rest.RallyRestApiTest"/>
  <testcase name="shouldSetName" time="0.001" classname="com.rallydev.rest.RallyRestApiTest"/>
  <testcase name="shouldInitializeApiKeyClient" time="0.000" classname="com.rallydev.rest.RallyRestApiTest"/>
  <testcase name="shouldInitializeBasicAuthClient" time="0.003" classname="com.rallydev.rest.RallyRestApiTest"/>
  <testcase name="shouldDelete" time="0.007" classname="com.rallydev.rest.RallyRestApiTest"/>
  <testcase name="shouldQuerySomePagesWithNonStandardStart" time="0.003" classname="com.rallydev.rest.RallyRestApiTest"/>
</testsuite>
